<?xml version="1.0" encoding="UTF-8"?>
<testsuite xmlns:xsi="http://www.w3.org/2001/XMLSchema-instance" xsi:noNamespaceSchemaLocation="https://maven.apache.org/surefire/maven-surefire-plugin/xsd/surefire-test-report.xsd" name="com.liu.AppTest" time="0.016" tests="1" errors="0" skipped="0" failures="0">
  <properties>
    <property name="sun.desktop" value="windows"/>
    <property name="awt.toolkit" value="sun.awt.windows.WToolkit"/>
    <property name="file.encoding.pkg" value="sun.io"/>
    <property name="java.specification.version" value="1.8"/>
    <property name="sun.cpu.isalist" value="amd64"/>
    <property name="sun.jnu.encoding" value="GBK"/>
    <property name="java.class.path" value="G:\Review\shiro\demo01\target\test-classes;G:\Review\shiro\demo01\target\classes;G:\localrepository\maven_repository\maven_repository\org\apache\shiro\shiro-core\1.5.3\shiro-core-1.5.3.jar;G:\localrepository\maven_repository\maven_repository\org\apache\shiro\shiro-lang\1.5.3\shiro-lang-1.5.3.jar;G:\localrepository\maven_repository\maven_repository\org\apache\shiro\shiro-cache\1.5.3\shiro-cache-1.5.3.jar;G:\localrepository\maven_repository\maven_repository\org\apache\shiro\shiro-crypto-hash\1.5.3\shiro-crypto-hash-1.5.3.jar;G:\localrepository\maven_repository\maven_repository\org\apache\shiro\shiro-crypto-core\1.5.3\shiro-crypto-core-1.5.3.jar;G:\localrepository\maven_repository\maven_repository\org\apache\shiro\shiro-crypto-cipher\1.5.3\shiro-crypto-cipher-1.5.3.jar;G:\localrepository\maven_repository\maven_repository\org\apache\shiro\shiro-config-core\1.5.3\shiro-config-core-1.5.3.jar;G:\localrepository\maven_repository\maven_repository\org\apache\shiro\shiro-config-ogdl\1.5.3\shiro-config-ogdl-1.5.3.jar;G:\localrepository\maven_repository\maven_repository\commons-beanutils\commons-beanutils\1.9.4\commons-beanutils-1.9.4.jar;G:\localrepository\maven_repository\maven_repository\commons-collections\commons-collections\3.2.2\commons-collections-3.2.2.jar;G:\localrepository\maven_repository\maven_repository\org\apache\shiro\shiro-event\1.5.3\shiro-event-1.5.3.jar;G:\localrepository\maven_repository\maven_repository\junit\junit\4.11\junit-4.11.jar;G:\localrepository\maven_repository\maven_repository\org\hamcrest\hamcrest-core\1.3\hamcrest-core-1.3.jar;G:\localrepository\maven_repository\maven_repository\org\slf4j\slf4j-nop\1.7.2\slf4j-nop-1.7.2.jar;G:\localrepository\maven_repository\maven_repository\org\slf4j\slf4j-api\1.7.2\slf4j-api-1.7.2.jar;"/>
    <property name="java.vm.vendor" value="Oracle Corporation"/>
    <property name="sun.arch.data.model" value="64"/>
    <property name="user.variant" value=""/>
    <property name="java.vendor.url" value="http://java.oracle.com/"/>
    <property name="user.timezone" value="Asia/Shanghai"/>
    <property name="java.vm.specification.version" value="1.8"/>
    <property name="os.name" value="Windows 10"/>
    <property name="user.country" value="CN"/>
    <property name="sun.java.launcher" value="SUN_STANDARD"/>
    <property name="sun.boot.library.path" value="D:\jdk1.8.0_131\jre\bin"/>
    <property name="sun.java.command" value="C:\Users\Pawn\AppData\Local\Temp\surefire7541475743974097991\surefirebooter336432189472539232.jar C:\Users\Pawn\AppData\Local\Temp\surefire7541475743974097991 2020-11-04T16-10-58_878-jvmRun1 surefire3316857631306110324tmp surefire_07150670984438056116tmp"/>
    <property name="surefire.test.class.path" value="G:\Review\shiro\demo01\target\test-classes;G:\Review\shiro\demo01\target\classes;G:\localrepository\maven_repository\maven_repository\org\apache\shiro\shiro-core\1.5.3\shiro-core-1.5.3.jar;G:\localrepository\maven_repository\maven_repository\org\apache\shiro\shiro-lang\1.5.3\shiro-lang-1.5.3.jar;G:\localrepository\maven_repository\maven_repository\org\apache\shiro\shiro-cache\1.5.3\shiro-cache-1.5.3.jar;G:\localrepository\maven_repository\maven_repository\org\apache\shiro\shiro-crypto-hash\1.5.3\shiro-crypto-hash-1.5.3.jar;G:\localrepository\maven_repository\maven_repository\org\apache\shiro\shiro-crypto-core\1.5.3\shiro-crypto-core-1.5.3.jar;G:\localrepository\maven_repository\maven_repository\org\apache\shiro\shiro-crypto-cipher\1.5.3\shiro-crypto-cipher-1.5.3.jar;G:\localrepository\maven_repository\maven_repository\org\apache\shiro\shiro-config-core\1.5.3\shiro-config-core-1.5.3.jar;G:\localrepository\maven_repository\maven_repository\org\apache\shiro\shiro-config-ogdl\1.5.3\shiro-config-ogdl-1.5.3.jar;G:\localrepository\maven_repository\maven_repository\commons-beanutils\commons-beanutils\1.9.4\commons-beanutils-1.9.4.jar;G:\localrepository\maven_repository\maven_repository\commons-collections\commons-collections\3.2.2\commons-collections-3.2.2.jar;G:\localrepository\maven_repository\maven_repository\org\apache\shiro\shiro-event\1.5.3\shiro-event-1.5.3.jar;G:\localrepository\maven_repository\maven_repository\junit\junit\4.11\junit-4.11.jar;G:\localrepository\maven_repository\maven_repository\org\hamcrest\hamcrest-core\1.3\hamcrest-core-1.3.jar;G:\localrepository\maven_repository\maven_repository\org\slf4j\slf4j-nop\1.7.2\slf4j-nop-1.7.2.jar;G:\localrepository\maven_repository\maven_repository\org\slf4j\slf4j-api\1.7.2\slf4j-api-1.7.2.jar;"/>
    <property name="sun.cpu.endian" value="little"/>
    <property name="user.home" value="C:\Users\Pawn"/>
    <property name="user.language" value="zh"/>
    <property name="java.specification.vendor" value="Oracle Corporation"/>
    <property name="java.home" value="D:\jdk1.8.0_131\jre"/>
    <property name="basedir" value="G:\Review\shiro\demo01"/>
    <property name="file.separator" value="\"/>
    <property name="line.separator" value="&#10;"/>
    <property name="java.vm.specification.vendor" value="Oracle Corporation"/>
    <property name="java.specification.name" value="Java Platform API Specification"/>
    <property name="java.awt.graphicsenv" value="sun.awt.Win32GraphicsEnvironment"/>
    <property name="surefire.real.class.path" value="C:\Users\Pawn\AppData\Local\Temp\surefire7541475743974097991\surefirebooter336432189472539232.jar"/>
    <property name="sun.boot.class.path" value="D:\jdk1.8.0_131\jre\lib\resources.jar;D:\jdk1.8.0_131\jre\lib\rt.jar;D:\jdk1.8.0_131\jre\lib\sunrsasign.jar;D:\jdk1.8.0_131\jre\lib\jsse.jar;D:\jdk1.8.0_131\jre\lib\jce.jar;D:\jdk1.8.0_131\jre\lib\charsets.jar;D:\jdk1.8.0_131\jre\lib\jfr.jar;D:\jdk1.8.0_131\jre\classes"/>
    <property name="user.script" value=""/>
    <property name="sun.management.compiler" value="HotSpot 64-Bit Tiered Compilers"/>
    <property name="java.runtime.version" value="1.8.0_131-b11"/>
    <property name="user.name" value="Pawn"/>
    <property name="path.separator" value=";"/>
    <property name="os.version" value="10.0"/>
    <property name="java.endorsed.dirs" value="D:\jdk1.8.0_131\jre\lib\endorsed"/>
    <property name="java.runtime.name" value="Java(TM) SE Runtime Environment"/>
    <property name="file.encoding" value="GBK"/>
    <property name="java.vm.name" value="Java HotSpot(TM) 64-Bit Server VM"/>
    <property name="localRepository" value="G:\localrepository\maven_repository\maven_repository"/>
    <property name="java.vendor.url.bug" value="http://bugreport.sun.com/bugreport/"/>
    <property name="java.io.tmpdir" value="C:\Users\Pawn\AppData\Local\Temp\"/>
    <property name="java.version" value="1.8.0_131"/>
    <property name="user.dir" value="G:\Review\shiro\demo01"/>
    <property name="os.arch" value="amd64"/>
    <property name="java.vm.specification.name" value="Java Virtual Machine Specification"/>
    <property name="java.awt.printerjob" value="sun.awt.windows.WPrinterJob"/>
    <property name="sun.os.patch.level" value=""/>
    <property name="idea.version2019.3.3" value="true"/>
    <property name="java.library.path" value="D:\jdk1.8.0_131\jre\bin;C:\WINDOWS\Sun\Java\bin;C:\WINDOWS\system32;C:\WINDOWS;D:\Xftp\;D:\Xshell\;G:\oracle\product\10.2.0\db_1\bin;C:\WINDOWS\system32;C:\WINDOWS;C:\WINDOWS\System32\Wbem;C:\WINDOWS\System32\WindowsPowerShell\v1.0\;G:\matalb2020\runtime\win64;G:\matalb2020\bin;D:\matlabinstall\runtime\win64;D:\matlabinstall\bin;D:\matlabinstall\polyspace\bin;F:\latex\texlive\2020\bin\win32;D:\la\CTEX\UserData\miktex\bin;D:\la\CTEX\MiKTeX\miktex\bin;D:\la\CTEX\CTeX\ctex\bin;D:\la\CTEX\CTeX\cct\bin;D:\la\CTEX\CTeX\ty\bin;D:\la\CTEX\Ghostscript\gs9.05\bin;D:\la\CTEX\GSview\gsview;D:\la\CTEX\WinEdt;G:\matalb2020\polyspace\bin;C:\WINDOWS\System32\OpenSSH\;G:\mymaven\apache-maven-3.5.2-bin\apache-maven-3.5.2\bin;D:\jdk1.8.0_131\bin;D:\MySql\mysql-5.6.40-winx64\bin;D:\temp\;C:\Program Files\Git\cmd;C:\Program Files\TortoiseGit\bin;D:\nodejs\;G:\npmrepo\global;C:\Go\bin;C:\Users\Pawn\AppData\Local\Microsoft\WindowsApps;C:\Users\Pawn\AppData\Local\Pandoc\;%IntelliJ IDEA%;C:\Users\Pawn\AppData\Roaming\npm;D:\webstorm\WebStorm 2020.2.3\bin;;C:\Users\Pawn\go\bin;."/>
    <property name="java.vm.info" value="mixed mode"/>
    <property name="java.vendor" value="Oracle Corporation"/>
    <property name="java.vm.version" value="25.131-b11"/>
    <property name="java.ext.dirs" value="D:\jdk1.8.0_131\jre\lib\ext;C:\WINDOWS\Sun\Java\lib\ext"/>
    <property name="sun.io.unicode.encoding" value="UnicodeLittle"/>
    <property name="maven.repo.local" value="G:\localrepository\maven_repository\maven_repository"/>
    <property name="java.class.version" value="52.0"/>
  </properties>
  <testcase name="shouldAnswerWithTrue" classname="com.liu.AppTest" time="0"/>
</testsuite>